2023-01-11 08:42:04,778 [INFO] Activator:179 - 


2023-01-11 08:42:04,781 [INFO] Activator:180 - !SESSION log4j initialized
2023-01-11 08:42:35,001 [ERROR] LogOutputStream:74 - [STDERR_REDIRECT] SLF4J: Failed to load class "org.slf4j.impl.StaticLoggerBinder".
2023-01-11 08:42:35,001 [ERROR] LogOutputStream:74 - [STDERR_REDIRECT] SLF4J: Defaulting to no-operation (NOP) logger implementation
2023-01-11 08:42:35,001 [ERROR] LogOutputStream:74 - [STDERR_REDIRECT] SLF4J: See http://www.slf4j.org/codes.html#StaticLoggerBinder for further details.
2023-01-12 08:13:25,633 [INFO] Activator:179 - 


2023-01-12 08:13:25,635 [INFO] Activator:180 - !SESSION log4j initialized
2023-01-12 08:14:01,429 [ERROR] LogOutputStream:74 - [STDERR_REDIRECT] SLF4J: Failed to load class "org.slf4j.impl.StaticLoggerBinder".
2023-01-12 08:14:01,433 [ERROR] LogOutputStream:74 - [STDERR_REDIRECT] SLF4J: Defaulting to no-operation (NOP) logger implementation
2023-01-12 08:14:01,435 [ERROR] LogOutputStream:74 - [STDERR_REDIRECT] SLF4J: See http://www.slf4j.org/codes.html#StaticLoggerBinder for further details.
2023-01-12 08:15:08,003 [ERROR] ApiDbMcu:1619 - Can't use Application install path:
2023-01-12 08:15:12,850 [WARN] RulesReader:63 - Compatibility file://mcu/compatibility.xml not found
2023-01-12 08:18:27,828 [INFO] McuFinderGlobals:52 - Set McuFinder mode to 2 (CubeIDE integrated)
2023-01-12 08:18:48,129 [INFO] ApplicationProperties:181 - Using Application install path: C:\ST\STM32CubeIDE_1.11.0\STM32CubeIDE\plugins\com.st.stm32cube.common.mx_6.7.0.202211181646
2023-01-12 08:18:48,148 [INFO] DbMcusXml:77 - Set database path to: C:\ST\STM32CubeIDE_1.11.0\STM32CubeIDE\plugins\com.st.stm32cube.common.mx_6.7.0.202211181646\\db\/mcu/
2023-01-12 08:18:48,149 [INFO] ApiDb:273 - Set plugin database path to: C:\ST\STM32CubeIDE_1.11.0\STM32CubeIDE\plugins\com.st.stm32cube.common.mx_6.7.0.202211181646\\db\/plugins/boardmanager/
2023-01-12 08:18:48,150 [WARN] ApiDb:258 - Overriding images path with different value:  => C:\ST\STM32CubeIDE_1.11.0\STM32CubeIDE\plugins\com.st.stm32cube.common.mx_6.7.0.202211181646\\db\/plugins/mcufinder/images/
2023-01-12 08:18:48,187 [INFO] ApiDb:249 - Set database path to: C:\Users\joepe\.stmcufinder\plugins\mcufinder//mcu/
2023-01-12 08:18:48,192 [INFO] DbMcusAds:124 - Set database path to: C:\Users\joepe\.stmcufinder\plugins\mcufinder//mcu/
2023-01-12 08:18:48,200 [INFO] CrossReferenceDbSqlite:202 - Set database path to: C:\Users\joepe\.stmcufinder\plugins\mcufinder//mcu/cs/
2023-01-12 08:18:48,338 [INFO] DbMcusXml:77 - Set database path to: C:\ST\STM32CubeIDE_1.11.0\STM32CubeIDE\plugins\com.st.stm32cube.common.mx_6.7.0.202211181646\\db\/mcu/
2023-01-12 08:18:48,338 [INFO] ApiDb:273 - Set plugin database path to: C:\ST\STM32CubeIDE_1.11.0\STM32CubeIDE\plugins\com.st.stm32cube.common.mx_6.7.0.202211181646\\db\/plugins/boardmanager/
2023-01-12 08:18:48,339 [INFO] ApiDb:260 - Set plugin images path to: C:\ST\STM32CubeIDE_1.11.0\STM32CubeIDE\plugins\com.st.stm32cube.common.mx_6.7.0.202211181646\\db\/plugins/mcufinder/images/
2023-01-12 08:18:48,340 [WARN] DbFile:40 - Overriding database path with different value: C:\Users\joepe\.stmcufinder\plugins\mcufinder/ => C:\Users\joepe\.stmcufinder\plugins\mcufinder
2023-01-12 08:18:48,340 [INFO] ApiDb:249 - Set database path to: C:\Users\joepe\.stmcufinder\plugins\mcufinder//mcu/
2023-01-12 08:18:48,341 [WARN] DbFile:40 - Overriding database path with different value: C:\Users\joepe\.stmcufinder\plugins\mcufinder/ => C:\Users\joepe\.stmcufinder\plugins\mcufinder
2023-01-12 08:18:48,343 [INFO] DbMcusAds:124 - Set database path to: C:\Users\joepe\.stmcufinder\plugins\mcufinder//mcu/
2023-01-12 08:18:48,343 [WARN] DbFile:40 - Overriding database path with different value: C:\Users\joepe\.stmcufinder\plugins\mcufinder/ => C:\Users\joepe\.stmcufinder\plugins\mcufinder
2023-01-12 08:18:48,343 [WARN] DbFile:40 - Overriding database path with different value: C:\Users\joepe\.stmcufinder\plugins\mcufinder/ => C:\Users\joepe\.stmcufinder\plugins\mcufinder
2023-01-12 08:18:48,343 [INFO] CrossReferenceDbSqlite:202 - Set database path to: C:\Users\joepe\.stmcufinder\plugins\mcufinder//mcu/cs/
2023-01-12 08:18:48,461 [INFO] MainPanel:252 - HeapMemory: 288358400
2023-01-12 08:18:48,628 [INFO] DbMcusXml:77 - Set database path to: C:\ST\STM32CubeIDE_1.11.0\STM32CubeIDE\plugins\com.st.stm32cube.common.mx_6.7.0.202211181646\\db\/mcu/
2023-01-12 08:18:48,629 [INFO] ApiDb:273 - Set plugin database path to: C:\ST\STM32CubeIDE_1.11.0\STM32CubeIDE\plugins\com.st.stm32cube.common.mx_6.7.0.202211181646\\db\/plugins/boardmanager/
2023-01-12 08:18:48,629 [INFO] ApiDb:260 - Set plugin images path to: C:\ST\STM32CubeIDE_1.11.0\STM32CubeIDE\plugins\com.st.stm32cube.common.mx_6.7.0.202211181646\\db\/plugins/mcufinder/images/
2023-01-12 08:18:48,630 [WARN] DbFile:40 - Overriding database path with different value: C:\Users\joepe\.stmcufinder\plugins\mcufinder/ => C:\Users\joepe\.stmcufinder\plugins\mcufinder
2023-01-12 08:18:48,630 [INFO] ApiDb:249 - Set database path to: C:\Users\joepe\.stmcufinder\plugins\mcufinder//mcu/
2023-01-12 08:18:48,630 [WARN] DbFile:40 - Overriding database path with different value: C:\Users\joepe\.stmcufinder\plugins\mcufinder/ => C:\Users\joepe\.stmcufinder\plugins\mcufinder
2023-01-12 08:18:48,630 [INFO] DbMcusAds:124 - Set database path to: C:\Users\joepe\.stmcufinder\plugins\mcufinder//mcu/
2023-01-12 08:18:48,631 [WARN] DbFile:40 - Overriding database path with different value: C:\Users\joepe\.stmcufinder\plugins\mcufinder/ => C:\Users\joepe\.stmcufinder\plugins\mcufinder
2023-01-12 08:18:48,631 [WARN] DbFile:40 - Overriding database path with different value: C:\Users\joepe\.stmcufinder\plugins\mcufinder/ => C:\Users\joepe\.stmcufinder\plugins\mcufinder
2023-01-12 08:18:48,632 [INFO] CrossReferenceDbSqlite:202 - Set database path to: C:\Users\joepe\.stmcufinder\plugins\mcufinder//mcu/cs/
2023-01-12 08:18:48,664 [INFO] ApplicationProperties:181 - Using Application install path: C:\ST\STM32CubeIDE_1.11.0\STM32CubeIDE\plugins\com.st.stm32cube.common.mx_6.7.0.202211181646
2023-01-12 08:18:48,666 [INFO] PluginManage:193 - Search for loadable plugins [exclusion list=, ]
2023-01-12 08:18:48,669 [INFO] PluginManage:307 - Check plugin analytics
2023-01-12 08:18:48,992 [INFO] AnalyticsPlugin:262 - Accepted Software Licenses: STM32CubeMX.6.7.0
2023-01-12 08:18:48,992 [INFO] AnalyticsPlugin:264 - Accepted CMSIS Pack Licenses: 
2023-01-12 08:18:48,992 [INFO] AnalyticsPlugin:266 - Accepted Firmware Licenses: FW.H7.1.11.0
2023-01-12 08:18:49,011 [INFO] PluginManage:356 - Loaded plugin analytics (category:tool,tabindex:-1)
2023-01-12 08:18:49,012 [INFO] PluginManage:307 - Check plugin cadmodel
2023-01-12 08:18:49,037 [INFO] CADModel:104 - Init CAD model plugin
2023-01-12 08:18:49,038 [INFO] PluginManage:356 - Loaded plugin cadmodel (category:power,tabindex:5)
2023-01-12 08:18:49,039 [INFO] PluginManage:307 - Check plugin clock
2023-01-12 08:18:49,076 [INFO] PluginManage:356 - Loaded plugin clock (category:base,tabindex:2)
2023-01-12 08:18:49,078 [INFO] PluginManage:307 - Check plugin ddr
2023-01-12 08:18:49,083 [INFO] PluginManage:356 - Loaded plugin ddr (category:tool,tabindex:6)
2023-01-12 08:18:49,084 [INFO] PluginManage:307 - Check plugin filemanager
2023-01-12 08:18:49,314 [INFO] PluginManage:356 - Loaded plugin filemanager (category:base,tabindex:10)
2023-01-12 08:18:49,318 [INFO] PluginManage:307 - Check plugin ipmanager
2023-01-12 08:18:49,333 [INFO] PluginManage:356 - Loaded plugin ipmanager (category:base,tabindex:5)
2023-01-12 08:18:49,333 [INFO] PluginManage:307 - Check plugin lpbam
2023-01-12 08:18:49,355 [INFO] PluginManage:356 - Loaded plugin lpbam (category:base,tabindex:0)
2023-01-12 08:18:49,356 [INFO] PluginManage:307 - Check plugin pinoutandconfiguration
2023-01-12 08:18:49,376 [INFO] PluginManage:356 - Loaded plugin pinoutandconfiguration (category:base,tabindex:1)
2023-01-12 08:18:49,377 [INFO] PluginManage:307 - Check plugin pinoutconfig
2023-01-12 08:18:49,449 [INFO] PluginManage:356 - Loaded plugin pinoutconfig (category:base,tabindex:0)
2023-01-12 08:18:49,450 [INFO] PluginManage:307 - Check plugin power
2023-01-12 08:18:49,480 [INFO] PluginManage:356 - Loaded plugin power (category:power,tabindex:4)
2023-01-12 08:18:49,480 [INFO] PluginManage:307 - Check plugin projectmanager
2023-01-12 08:18:49,511 [INFO] PluginManage:356 - Loaded plugin projectmanager (category:projectmanager,tabindex:3)
2023-01-12 08:18:49,511 [INFO] PluginManage:307 - Check plugin thirdparty
2023-01-12 08:18:49,970 [WARN] IntegrityCheckThread:82 - waiting for thirdparty lock release [integrity check]
2023-01-12 08:18:49,971 [INFO] PluginManage:356 - Loaded plugin thirdparty (category:base,tabindex:-1)
2023-01-12 08:18:49,971 [INFO] IntegrityCheckThread:84 - entering critical section [integrity check]
2023-01-12 08:18:49,972 [INFO] PluginManage:307 - Check plugin tools
2023-01-12 08:18:49,974 [INFO] ThirdPartyUpdaterWithRetryManager:70 - Updater plugin not ready yet. [1/15]
2023-01-12 08:18:50,015 [INFO] PluginManage:356 - Loaded plugin tools (category:base,tabindex:7)
2023-01-12 08:18:50,019 [INFO] PluginManage:307 - Check plugin tutovideos
2023-01-12 08:18:50,382 [INFO] PluginManage:356 - Loaded plugin tutovideos (category:base,tabindex:-1)
2023-01-12 08:18:50,383 [INFO] PluginManage:307 - Check plugin updater
2023-01-12 08:18:50,408 [INFO] PluginManage:356 - Loaded plugin updater (category:base,tabindex:12)
2023-01-12 08:18:50,409 [INFO] PluginManage:280 - PluginManage : Loaded plugins [15]
2023-01-12 08:18:50,857 [INFO] PinOutPanel:1477 - setPackage(No Configuration,No Configuration)
2023-01-12 08:18:50,973 [INFO] CADModel:164 - CPN selected for project level
2023-01-12 08:18:50,973 [INFO] CADModel:113 - Register for checkConnection events
2023-01-12 08:18:51,018 [INFO] IPUIPlugin:79 - create IPUIPlugin
2023-01-12 08:18:51,018 [INFO] PluginManager:219 - loadIPPluginJar : add adc
2023-01-12 08:18:51,057 [INFO] IPUIPlugin:79 - create IPUIPlugin
2023-01-12 08:18:51,057 [INFO] PluginManager:219 - loadIPPluginJar : add aes
2023-01-12 08:18:51,102 [INFO] IPUIPlugin:79 - create IPUIPlugin
2023-01-12 08:18:51,102 [INFO] PluginManager:219 - loadIPPluginJar : add can
2023-01-12 08:18:51,128 [INFO] IPUIPlugin:79 - create IPUIPlugin
2023-01-12 08:18:51,129 [INFO] PluginManager:219 - loadIPPluginJar : add comp
2023-01-12 08:18:51,159 [INFO] IPUIPlugin:79 - create IPUIPlugin
2023-01-12 08:18:51,159 [INFO] PluginManager:219 - loadIPPluginJar : add cryp
2023-01-12 08:18:51,199 [INFO] IPUIPlugin:79 - create IPUIPlugin
2023-01-12 08:18:51,199 [INFO] PluginManager:219 - loadIPPluginJar : add dfsdm
2023-01-12 08:18:51,226 [INFO] IPUIPlugin:79 - create IPUIPlugin
2023-01-12 08:18:51,226 [INFO] PluginManager:219 - loadIPPluginJar : add dma
2023-01-12 08:18:51,334 [INFO] IPUIPlugin:79 - create IPUIPlugin
2023-01-12 08:18:51,334 [INFO] PluginManager:219 - loadIPPluginJar : add dma3
2023-01-12 08:18:51,370 [INFO] IPUIPlugin:79 - create IPUIPlugin
2023-01-12 08:18:51,370 [INFO] PluginManager:219 - loadIPPluginJar : add fatfs
2023-01-12 08:18:51,474 [INFO] IPUIPlugin:79 - create IPUIPlugin
2023-01-12 08:18:51,474 [INFO] PluginManager:219 - loadIPPluginJar : add fmc
2023-01-12 08:18:51,510 [INFO] IPUIPlugin:79 - create IPUIPlugin
2023-01-12 08:18:51,510 [INFO] PluginManager:219 - loadIPPluginJar : add freertos
2023-01-12 08:18:51,590 [INFO] IPUIPlugin:79 - create IPUIPlugin
2023-01-12 08:18:51,590 [INFO] PluginManager:219 - loadIPPluginJar : add genericplugin
2023-01-12 08:18:51,817 [INFO] IPUIPlugin:79 - create IPUIPlugin
2023-01-12 08:18:51,817 [INFO] PluginManager:219 - loadIPPluginJar : add gfxmmu
2023-01-12 08:18:52,046 [INFO] IPUIPlugin:79 - create IPUIPlugin
2023-01-12 08:18:52,046 [INFO] PluginManager:219 - loadIPPluginJar : add gic
2023-01-12 08:18:52,078 [INFO] IPUIPlugin:79 - create IPUIPlugin
2023-01-12 08:18:52,078 [INFO] PluginManager:219 - loadIPPluginJar : add gpio
2023-01-12 08:18:52,207 [INFO] IPUIPlugin:79 - create IPUIPlugin
2023-01-12 08:18:52,207 [INFO] PluginManager:219 - loadIPPluginJar : add gtzc
2023-01-12 08:18:52,254 [INFO] IPUIPlugin:79 - create IPUIPlugin
2023-01-12 08:18:52,254 [INFO] PluginManager:219 - loadIPPluginJar : add hash
2023-01-12 08:18:52,323 [INFO] IPUIPlugin:79 - create IPUIPlugin
2023-01-12 08:18:52,323 [INFO] PluginManager:219 - loadIPPluginJar : add i2c
2023-01-12 08:18:52,379 [INFO] IPUIPlugin:79 - create IPUIPlugin
2023-01-12 08:18:52,382 [INFO] PluginManager:219 - loadIPPluginJar : add i2s
2023-01-12 08:18:52,512 [INFO] IPUIPlugin:79 - create IPUIPlugin
2023-01-12 08:18:52,512 [INFO] PluginManager:219 - loadIPPluginJar : add ipddr
2023-01-12 08:18:52,654 [INFO] IPUIPlugin:79 - create IPUIPlugin
2023-01-12 08:18:52,660 [INFO] PluginManager:219 - loadIPPluginJar : add linkedlist
2023-01-12 08:18:52,750 [INFO] IPUIPlugin:79 - create IPUIPlugin
2023-01-12 08:18:52,753 [INFO] PluginManager:219 - loadIPPluginJar : add lorawan
2023-01-12 08:18:52,840 [INFO] IPUIPlugin:79 - create IPUIPlugin
2023-01-12 08:18:52,840 [INFO] PluginManager:219 - loadIPPluginJar : add ltdc
2023-01-12 08:18:52,869 [INFO] IPUIPlugin:79 - create IPUIPlugin
2023-01-12 08:18:52,869 [INFO] PluginManager:219 - loadIPPluginJar : add mdma
2023-01-12 08:18:52,904 [INFO] IPUIPlugin:79 - create IPUIPlugin
2023-01-12 08:18:52,908 [INFO] PluginManager:219 - loadIPPluginJar : add nvic
2023-01-12 08:18:52,951 [INFO] IPUIPlugin:79 - create IPUIPlugin
2023-01-12 08:18:52,953 [INFO] PluginManager:219 - loadIPPluginJar : add opamp
2023-01-12 08:18:52,982 [INFO] ThirdPartyUpdaterWithRetryManager:70 - Updater plugin not ready yet. [2/15]
2023-01-12 08:18:53,026 [INFO] IPUIPlugin:79 - create IPUIPlugin
2023-01-12 08:18:53,027 [INFO] PluginManager:219 - loadIPPluginJar : add openamp
2023-01-12 08:18:53,077 [INFO] IPUIPlugin:79 - create IPUIPlugin
2023-01-12 08:18:53,077 [INFO] PluginManager:219 - loadIPPluginJar : add pdm2pcm
2023-01-12 08:18:53,099 [INFO] IPUIPlugin:79 - create IPUIPlugin
2023-01-12 08:18:53,105 [INFO] PluginManager:219 - loadIPPluginJar : add plateformsettings
2023-01-12 08:18:53,147 [INFO] IPUIPlugin:79 - create IPUIPlugin
2023-01-12 08:18:53,148 [INFO] PluginManager:219 - loadIPPluginJar : add quadspi
2023-01-12 08:18:53,170 [INFO] IPUIPlugin:79 - create IPUIPlugin
2023-01-12 08:18:53,175 [INFO] PluginManager:219 - loadIPPluginJar : add resmgrutility
2023-01-12 08:18:53,271 [INFO] IPUIPlugin:79 - create IPUIPlugin
2023-01-12 08:18:53,276 [INFO] PluginManager:219 - loadIPPluginJar : add sai
2023-01-12 08:18:53,358 [INFO] IPUIPlugin:79 - create IPUIPlugin
2023-01-12 08:18:53,360 [INFO] PluginManager:219 - loadIPPluginJar : add spi
2023-01-12 08:18:53,427 [INFO] IPUIPlugin:79 - create IPUIPlugin
2023-01-12 08:18:53,428 [INFO] PluginManager:219 - loadIPPluginJar : add stm32_wpan
2023-01-12 08:18:53,453 [INFO] IPUIPlugin:79 - create IPUIPlugin
2023-01-12 08:18:53,454 [INFO] PluginManager:219 - loadIPPluginJar : add tim
2023-01-12 08:18:53,519 [INFO] IPUIPlugin:79 - create IPUIPlugin
2023-01-12 08:18:53,519 [INFO] PluginManager:219 - loadIPPluginJar : add touchsensing
2023-01-12 08:18:53,562 [INFO] IPUIPlugin:79 - create IPUIPlugin
2023-01-12 08:18:53,562 [INFO] PluginManager:219 - loadIPPluginJar : add tracer_emb
2023-01-12 08:18:53,588 [INFO] IPUIPlugin:79 - create IPUIPlugin
2023-01-12 08:18:53,588 [INFO] PluginManager:219 - loadIPPluginJar : add ts
2023-01-12 08:18:53,615 [INFO] IPUIPlugin:79 - create IPUIPlugin
2023-01-12 08:18:53,615 [INFO] PluginManager:219 - loadIPPluginJar : add tsc
2023-01-12 08:18:53,648 [INFO] IPUIPlugin:79 - create IPUIPlugin
2023-01-12 08:18:53,648 [INFO] PluginManager:219 - loadIPPluginJar : add ucpd
2023-01-12 08:18:53,712 [INFO] IPUIPlugin:79 - create IPUIPlugin
2023-01-12 08:18:53,712 [INFO] PluginManager:219 - loadIPPluginJar : add usart
2023-01-12 08:18:53,770 [INFO] IPUIPlugin:79 - create IPUIPlugin
2023-01-12 08:18:53,770 [INFO] PluginManager:219 - loadIPPluginJar : add usbx
2023-01-12 08:18:53,959 [INFO] CADModel:164 - CPN selected for project level
2023-01-12 08:18:53,959 [INFO] CADModel:113 - Register for checkConnection events
2023-01-12 08:18:53,960 [FATAL] Updater:308 - Updater called before beeing initialized
2023-01-12 08:18:53,961 [ERROR] CADModel:124 - Updater not yet initialized, retry later 
2023-01-12 08:18:54,469 [INFO] CADModel:164 - CPN selected for project level
2023-01-12 08:18:54,470 [INFO] CADModel:113 - Register for checkConnection events
2023-01-12 08:18:54,470 [FATAL] Updater:308 - Updater called before beeing initialized
2023-01-12 08:18:54,470 [ERROR] CADModel:124 - Updater not yet initialized, retry later 
2023-01-12 08:18:54,478 [FATAL] Updater:308 - Updater called before beeing initialized
2023-01-12 08:18:54,771 [FATAL] Updater:308 - Updater called before beeing initialized
2023-01-12 08:18:54,797 [INFO] DbMcusAds:52 - JSON generation date=Thu Sep 30 00:55:09 MDT 2021 (1632984909377)
2023-01-12 08:18:54,797 [FATAL] Updater:308 - Updater called before beeing initialized
2023-01-12 08:18:55,024 [WARN] DetailPanel:344 - Failed to get advertising image, set to default
2023-01-12 08:18:55,198 [FATAL] Updater:308 - Updater called before beeing initialized
2023-01-12 08:18:55,201 [FATAL] Updater:308 - Updater called before beeing initialized
2023-01-12 08:18:55,202 [FATAL] Updater:308 - Updater called before beeing initialized
2023-01-12 08:18:55,202 [WARN] DetailPanel:344 - Failed to get advertising image, set to default
2023-01-12 08:18:55,203 [FATAL] Updater:308 - Updater called before beeing initialized
2023-01-12 08:18:55,350 [ERROR] Updater:1120 - MainUpdater not yet initialized. External WinMGr cannot be set.
2023-01-12 08:18:55,363 [INFO] Updater:1056 - Updater Version found : 6.7.0
2023-01-12 08:18:55,389 [INFO] ApplicationProperties:181 - Using Application install path: C:\ST\STM32CubeIDE_1.11.0\STM32CubeIDE\plugins\com.st.stm32cube.common.mx_6.7.0.202211181646
2023-01-12 08:18:55,709 [INFO] MainUpdater:2800 - connection check result : 10
2023-01-12 08:18:55,709 [INFO] MainUpdater:3494 - Updater definition file requires update
2023-01-12 08:18:55,709 [INFO] MainUpdater:282 - Updater Check For Update Now.
2023-01-12 08:18:55,709 [INFO] MicroXplorer:481 - Change Database Version : DB.6.0.70
2023-01-12 08:18:55,849 [INFO] ServerAccessManage:474 - Download File updaters.zip
2023-01-12 08:18:55,989 [WARN] MainUpdater:1186 - Updater busy. Cannot search thirdparties
2023-01-12 08:18:55,990 [INFO] ThirdPartyUpdaterWithRetryManager:96 - Updater plugin is busy. [1/15]
2023-01-12 08:18:56,085 [INFO] FileExtend:239 - Unzip File : updaters.zip
2023-01-12 08:18:56,086 [INFO] FileExtend:254 - Standard Zip Deflate
2023-01-12 08:18:56,968 [INFO] ServerAccessManage:474 - Download File PacksControlFlags.xml
2023-01-12 08:18:57,083 [INFO] ServerAccessManage:474 - Download File cubemx.pidx
2023-01-12 08:18:58,123 [INFO] ServerAccessManage:474 - Download File STMicroelectronics.X-CUBE-EEPRMA1.pdsc
2023-01-12 08:18:58,527 [ERROR] ServerAccessManage:1090 - Problem, file not found on Server
2023-01-12 08:18:59,005 [WARN] MainUpdater:1186 - Updater busy. Cannot search thirdparties
2023-01-12 08:18:59,006 [INFO] ThirdPartyUpdaterWithRetryManager:96 - Updater plugin is busy. [2/15]
2023-01-12 08:18:59,149 [INFO] ServerAccessManage:474 - Download File STMicroelectronics.X-CUBE-TOUCHGFX.pdsc
2023-01-12 08:19:00,543 [INFO] ServerAccessManage:474 - Download File STMicroelectronics.X-CUBE-AZRTOS-H7.pdsc
2023-01-12 08:19:02,012 [WARN] MainUpdater:1186 - Updater busy. Cannot search thirdparties
2023-01-12 08:19:02,012 [INFO] ThirdPartyUpdaterWithRetryManager:96 - Updater plugin is busy. [3/15]
2023-01-12 08:19:03,812 [WARN] PackLoader:242 - Cannot read IP mode file for STMicroelectronics.X-CUBE-EEPRMA1.4.1.0
2023-01-12 08:19:03,853 [WARN] PackLoader:242 - Cannot read IP mode file for STMicroelectronics.X-CUBE-TOUCHGFX.4.21.0
2023-01-12 08:19:03,988 [INFO] CheckServerUpdateThread:119 - End of CheckServer Thread
2023-01-12 08:19:04,023 [WARN] PackLoader:242 - Cannot read IP mode file for STMicroelectronics.X-CUBE-AZRTOS-H7.3.0.0
2023-01-12 08:19:04,063 [INFO] PopulateThirdPartyThread:64 - Ending populate Thread
2023-01-12 08:19:04,063 [INFO] ThirdParty:999 - CMSIS Pack Vendor :STMicroelectronics X-CUBE-TOUCHGFX 4.21.0
2023-01-12 08:19:04,063 [INFO] ThirdParty:999 - CMSIS Pack Vendor :STMicroelectronics X-CUBE-EEPRMA1 4.1.0
2023-01-12 08:19:04,063 [INFO] ThirdParty:999 - CMSIS Pack Vendor :STMicroelectronics X-CUBE-AZRTOS-H7 3.0.0
2023-01-12 08:19:04,063 [INFO] LoadServerUpdatesThread:367 - End of LoadServerUpdate Thread
2023-01-12 08:19:04,156 [INFO] MainUpdater:2800 - connection check result : 10
2023-01-12 08:19:04,184 [INFO] MainUpdater:2800 - connection check result : 10
2023-01-12 08:19:04,568 [INFO] MicroXplorer:451 - Change Database Path : 
2023-01-12 08:19:04,569 [INFO] MicroXplorer:481 - Change Database Version : DB.6.0.70
2023-01-12 08:19:04,570 [WARN] ThirdParty:845 - waiting for thirdparty lock release [close project]
2023-01-12 08:19:05,324 [WARN] PackLoader:242 - Cannot read IP mode file for STMicroelectronics.X-CUBE-GNSS1.6.0.0
2023-01-12 08:19:05,414 [WARN] PackLoader:242 - Cannot read IP mode file for STMicroelectronics.X-CUBE-AZRTOS-F4.1.1.0
2023-01-12 08:19:05,484 [WARN] PackLoader:242 - Cannot read IP mode file for STMicroelectronics.X-CUBE-BLEMGR.1.2.0
2023-01-12 08:19:05,545 [WARN] PackLoader:242 - Cannot read IP mode file for STMicroelectronics.X-CUBE-AZRTOS-F7.1.1.0
2023-01-12 08:19:05,561 [WARN] PackLoader:242 - Cannot read IP mode file for STMicroelectronics.X-CUBE-BLE1.6.2.3
2023-01-12 08:19:05,589 [WARN] PackLoader:242 - Cannot read IP mode file for STMicroelectronics.X-CUBE-BLE1.6.2.4
2023-01-12 08:19:05,622 [WARN] PackLoader:242 - Cannot read IP mode file for emotas.I-CUBE-CANOPEN.1.1.3
2023-01-12 08:19:05,647 [WARN] PackLoader:242 - Cannot read IP mode file for STMicroelectronics.X-CUBE-NFC4.2.0.5
2023-01-12 08:19:05,671 [WARN] PackLoader:242 - Cannot read IP mode file for STMicroelectronics.X-CUBE-NFC4.2.0.4
2023-01-12 08:19:05,697 [WARN] PackLoader:242 - Cannot read IP mode file for STMicroelectronics.X-CUBE-TOF1.3.1.0
2023-01-12 08:19:05,725 [WARN] PackLoader:242 - Cannot read IP mode file for wolfSSL.I-CUBE-wolfSSL.5.5.3
2023-01-12 08:19:05,740 [WARN] PackLoader:242 - Cannot read IP mode file for wolfSSL.I-CUBE-wolfSSL.5.5.0
2023-01-12 08:19:05,759 [WARN] PackLoader:242 - Cannot read IP mode file for STMicroelectronics.X-CUBE-NFC7.1.0.0
2023-01-12 08:19:05,877 [WARN] PackLoader:242 - Cannot read IP mode file for STMicroelectronics.X-CUBE-MEMS1.9.3.0
2023-01-12 08:19:06,153 [WARN] PackLoader:242 - Cannot read IP mode file for STMicroelectronics.X-CUBE-EEPRMA1.4.1.0
2023-01-12 08:19:06,190 [WARN] PackLoader:242 - Cannot read IP mode file for STMicroelectronics.X-CUBE-AI.7.2.0
2023-01-12 08:19:06,214 [WARN] PackLoader:242 - Cannot read IP mode file for STMicroelectronics.X-CUBE-SFXS2LP1.4.0.0
2023-01-12 08:19:06,235 [WARN] PackLoader:242 - Cannot read IP mode file for STMicroelectronics.X-CUBE-BLE2.3.3.0
2023-01-12 08:19:06,255 [WARN] PackLoader:242 - Cannot read IP mode file for STMicroelectronics.X-CUBE-DISPLAY.2.2.0
2023-01-12 08:19:06,280 [WARN] PackLoader:242 - Cannot read IP mode file for STMicroelectronics.X-CUBE-TOF1.3.2.0
2023-01-12 08:19:06,316 [WARN] PackLoader:242 - Cannot read IP mode file for STMicroelectronics.X-CUBE-AZRTOS-H7.3.0.0
2023-01-12 08:19:06,329 [WARN] PackLoader:242 - Cannot read IP mode file for STMicroelectronics.X-CUBE-ISPU.1.0.0
2023-01-12 08:19:06,345 [WARN] PackLoader:242 - Cannot read IP mode file for STMicroelectronics.X-CUBE-ISPU.1.1.0
2023-01-12 08:19:06,373 [WARN] PackLoader:242 - Cannot read IP mode file for RoweBots.I-CUBE-UNISONRTOS.5.5.0-4
2023-01-12 08:19:06,430 [WARN] PackLoader:242 - Cannot read IP mode file for STMicroelectronics.X-CUBE-AZRTOS-H7.2.1.0
2023-01-12 08:19:06,441 [WARN] PackLoader:242 - Cannot read IP mode file for STMicroelectronics.X-CUBE-TOUCHGFX.4.21.0
2023-01-12 08:19:06,459 [WARN] PackLoader:242 - Cannot read IP mode file for STMicroelectronics.X-CUBE-BLEMGR.1.0.0
2023-01-12 08:19:06,533 [WARN] PackLoader:242 - Cannot read IP mode file for STMicroelectronics.X-CUBE-MEMS1.9.4.0
2023-01-12 08:19:06,801 [WARN] PackLoader:242 - Cannot read IP mode file for STMicroelectronics.X-CUBE-AI.7.3.0
2023-01-12 08:19:06,819 [WARN] PackLoader:242 - Cannot read IP mode file for STMicroelectronics.X-CUBE-ALGOBUILD.1.3.0
2023-01-12 08:19:06,855 [WARN] PackLoader:242 - Cannot read IP mode file for STMicroelectronics.X-CUBE-AZRTOS-L5.1.1.0
2023-01-12 08:19:06,896 [WARN] PackLoader:242 - Cannot read IP mode file for STMicroelectronics.X-CUBE-AZRTOS-G0.1.1.0
2023-01-12 08:19:06,926 [WARN] PackLoader:242 - Cannot read IP mode file for STMicroelectronics.X-CUBE-SUBG2.5.0.0
2023-01-12 08:19:06,991 [WARN] PackLoader:242 - Cannot read IP mode file for SEGGER.I-CUBE-embOS.1.2.0
2023-01-12 08:19:07,090 [WARN] PackLoader:242 - Cannot read IP mode file for SEGGER.I-CUBE-embOS.1.2.1
2023-01-12 08:19:07,138 [WARN] PackLoader:242 - Cannot read IP mode file for STMicroelectronics.FP-ATR-ASTRA1.1.1.1
2023-01-12 08:19:07,155 [WARN] PackLoader:242 - Cannot read IP mode file for STMicroelectronics.X-CUBE-BLEMGR.1.3.0
2023-01-12 08:19:07,190 [WARN] PackLoader:242 - Cannot read IP mode file for STMicroelectronics.X-CUBE-AZRTOS-G4.1.0.0
2023-01-12 08:19:07,209 [WARN] PackLoader:242 - Cannot read IP mode file for STMicroelectronics.FP-ATR-SIGFOX1.3.2.0
2023-01-12 08:19:07,241 [WARN] PackLoader:242 - Cannot read IP mode file for STMicroelectronics.X-CUBE-AZRTOS-L4.1.0.0
2023-01-12 08:19:07,275 [WARN] PackLoader:242 - Cannot read IP mode file for emotas.I-CUBE-CANOPEN.1.1.2
2023-01-12 08:19:07,294 [WARN] PackLoader:242 - Cannot read IP mode file for STMicroelectronics.X-CUBE-TOUCHGFX.4.20.0
2023-01-12 08:19:07,468 [WARN] PackLoader:242 - Cannot read IP mode file for STMicroelectronics.X-CUBE-AZRTOS-WL.1.0.0
2023-01-12 08:19:07,494 [WARN] PackLoader:242 - Cannot read IP mode file for portGmbH.I-Cube-SoM-uGOAL.1.1.0
2023-01-12 08:19:07,510 [WARN] PackLoader:242 - Cannot read IP mode file for STMicroelectronics.X-CUBE-ALS.1.0.1
2023-01-12 08:19:07,542 [WARN] PackLoader:242 - Cannot read IP mode file for STMicroelectronics.X-CUBE-AZRTOS-WB.1.1.0
2023-01-12 08:19:07,581 [WARN] PackLoader:242 - Cannot read IP mode file for STMicroelectronics.X-CUBE-AZRTOS-L5.1.0.0
2023-01-12 08:19:07,620 [WARN] PackLoader:242 - Cannot read IP mode file for STMicroelectronics.X-CUBE-EEPRMA1.3.1.1
2023-01-12 08:19:07,621 [INFO] ThirdParty:947 - Integrity check success = true
2023-01-12 08:19:07,623 [INFO] IntegrityCheckThread:98 - exiting critical section [integrity check]
2023-01-12 08:19:07,623 [INFO] IntegrityCheckThread:101 - End integrity checks thread
2023-01-12 08:19:07,624 [INFO] ThirdParty:847 - entering critical section [close project]
2023-01-12 08:19:07,626 [INFO] ThirdParty:857 - exiting critical section [close project]
2023-01-12 08:19:07,632 [INFO] PinOutPanel:1477 - setPackage(No Configuration,No Configuration)
2023-01-12 08:19:07,637 [INFO] UtilMem:74 - Begin LoadConfig() Used Memory: 431340920 Bytes (560988160)
2023-01-12 08:19:07,681 [INFO] MicroXplorer:451 - Change Database Path : C:/Users/joepe/.stm32cubemx/databases/DB.6.0.50/db/
2023-01-12 08:19:07,681 [INFO] MicroXplorer:481 - Change Database Version : DB.6.0.50
2023-01-12 08:19:11,710 [INFO] MicroXplorer:451 - Change Database Path : 
2023-01-12 08:19:11,710 [INFO] MicroXplorer:481 - Change Database Version : DB.6.0.70
2023-01-12 08:19:11,711 [INFO] OpenFileManager:307 - Change cursor
2023-01-12 08:19:11,738 [ERROR] ThirdPartyDownloadManager:73 - CMSIS Pack is missing : STMicroelectronics.X-CUBE-TOUCHGFX.4.20.0
2023-01-12 08:19:11,971 [INFO] Mcu:1925 - Initializing MCU STM32H745XIHx STM32H745XIHx STM32H745XIH3
2023-01-12 08:19:21,046 [INFO] Context:654 - Trying to add GPIOservice into a context  which must be forbidden
2023-01-12 08:19:21,046 [INFO] Context:654 - Trying to add GPIOservice into a context  which must be forbidden
2023-01-12 08:19:24,815 [INFO] ApiDbMcu:505 - Load IP Config File for STMicroelectronics.X-CUBE-TOUCHGFX.4.20.0
2023-01-12 08:19:25,071 [INFO] Context:654 - Trying to add GPIOservice into a context  which must be forbidden
2023-01-12 08:19:25,071 [INFO] Context:654 - Trying to add GPIOservice into a context  which must be forbidden
2023-01-12 08:19:25,634 [INFO] RtosManager:489 - Registered RTOS mode: class=CMSIS, group=RTOS, mode=CMSIS_V1, owner=FREERTOS_M7
2023-01-12 08:19:25,636 [INFO] RtosManager:489 - Registered RTOS mode: class=CMSIS, group=RTOS2, mode=CMSIS_V2, owner=FREERTOS_M7
2023-01-12 08:19:25,636 [INFO] RtosManager:489 - Registered RTOS mode: class=RTOS, group=Core, mode=CMSIS_V1, owner=FREERTOS_M7
2023-01-12 08:19:25,636 [INFO] RtosManager:489 - Registered RTOS mode: class=RTOS, group=Core, mode=CMSIS_V2, owner=FREERTOS_M7
2023-01-12 08:19:25,638 [WARN] ModelIntegratedComponent:185 - Missing modes for component STMicroelectronics:FreeRTOS:0.0.1:STMicroelectronics:RTOS:FreeRTOS:Core:::10.2.0:
2023-01-12 08:19:25,684 [WARN] ModelIntegratedComponent:64 - No mode defined for component null
2023-01-12 08:19:25,684 [WARN] ModelIntegratedComponent:64 - No mode defined for component null
2023-01-12 08:19:25,684 [WARN] ModelIntegratedComponent:64 - No mode defined for component null
2023-01-12 08:19:25,684 [WARN] ModelIntegratedComponent:64 - No mode defined for component null
2023-01-12 08:19:25,684 [WARN] ModelIntegratedComponent:64 - No mode defined for component null
2023-01-12 08:19:25,684 [WARN] ModelIntegratedComponent:64 - No mode defined for component null
2023-01-12 08:19:25,684 [WARN] ModelIntegratedComponent:64 - No mode defined for component null
2023-01-12 08:19:25,684 [WARN] ModelIntegratedComponent:64 - No mode defined for component null
2023-01-12 08:19:25,684 [WARN] ModelIntegratedComponent:64 - No mode defined for component null
2023-01-12 08:19:25,684 [WARN] ModelIntegratedComponent:64 - No mode defined for component null
2023-01-12 08:19:25,684 [WARN] ModelIntegratedComponent:64 - No mode defined for component null
2023-01-12 08:19:25,684 [WARN] ModelIntegratedComponent:64 - No mode defined for component null
2023-01-12 08:19:25,684 [WARN] ModelIntegratedComponent:64 - No mode defined for component null
2023-01-12 08:19:25,684 [WARN] ModelIntegratedComponent:64 - No mode defined for component null
2023-01-12 08:19:25,684 [WARN] ModelIntegratedComponent:64 - No mode defined for component null
2023-01-12 08:19:25,684 [WARN] ModelIntegratedComponent:64 - No mode defined for component null
2023-01-12 08:19:25,684 [WARN] ModelIntegratedComponent:64 - No mode defined for component null
2023-01-12 08:19:25,684 [WARN] ModelIntegratedComponent:64 - No mode defined for component null
2023-01-12 08:19:25,684 [WARN] ModelIntegratedComponent:64 - No mode defined for component null
2023-01-12 08:19:25,684 [WARN] ModelIntegratedComponent:64 - No mode defined for component null
2023-01-12 08:19:25,684 [WARN] ModelIntegratedComponent:64 - No mode defined for component null
2023-01-12 08:19:25,684 [WARN] ModelIntegratedComponent:64 - No mode defined for component null
2023-01-12 08:19:25,684 [WARN] ModelIntegratedComponent:64 - No mode defined for component null
2023-01-12 08:19:25,684 [WARN] ModelIntegratedComponent:64 - No mode defined for component null
2023-01-12 08:19:25,684 [WARN] ModelIntegratedComponent:64 - No mode defined for component null
2023-01-12 08:19:25,684 [WARN] ModelIntegratedComponent:64 - No mode defined for component null
2023-01-12 08:19:25,684 [WARN] ModelIntegratedComponent:64 - No mode defined for component null
2023-01-12 08:19:25,684 [WARN] ModelIntegratedComponent:64 - No mode defined for component null
2023-01-12 08:19:25,684 [WARN] ModelIntegratedComponent:64 - No mode defined for component null
2023-01-12 08:19:25,684 [WARN] ModelIntegratedComponent:64 - No mode defined for component null
2023-01-12 08:19:25,684 [WARN] ModelIntegratedComponent:64 - No mode defined for component null
2023-01-12 08:19:25,684 [WARN] ModelIntegratedComponent:64 - No mode defined for component null
2023-01-12 08:19:25,684 [WARN] ModelIntegratedComponent:64 - No mode defined for component null
2023-01-12 08:19:25,940 [INFO] RtosManager:489 - Registered RTOS mode: class=CMSIS, group=RTOS, mode=CMSIS_V1, owner=FREERTOS_M4
2023-01-12 08:19:25,940 [INFO] RtosManager:489 - Registered RTOS mode: class=CMSIS, group=RTOS2, mode=CMSIS_V2, owner=FREERTOS_M4
2023-01-12 08:19:25,944 [INFO] RtosManager:489 - Registered RTOS mode: class=RTOS, group=Core, mode=CMSIS_V1, owner=FREERTOS_M4
2023-01-12 08:19:25,944 [INFO] RtosManager:489 - Registered RTOS mode: class=RTOS, group=Core, mode=CMSIS_V2, owner=FREERTOS_M4
2023-01-12 08:19:25,944 [WARN] ModelIntegratedComponent:185 - Missing modes for component STMicroelectronics:FreeRTOS:0.0.1:STMicroelectronics:RTOS:FreeRTOS:Core:::10.2.0:
2023-01-12 08:19:25,967 [WARN] ModelIntegratedComponent:64 - No mode defined for component null
2023-01-12 08:19:25,967 [WARN] ModelIntegratedComponent:64 - No mode defined for component null
2023-01-12 08:19:25,967 [WARN] ModelIntegratedComponent:64 - No mode defined for component null
2023-01-12 08:19:25,967 [WARN] ModelIntegratedComponent:64 - No mode defined for component null
2023-01-12 08:19:25,968 [WARN] ModelIntegratedComponent:64 - No mode defined for component null
2023-01-12 08:19:25,968 [WARN] ModelIntegratedComponent:64 - No mode defined for component null
2023-01-12 08:19:25,968 [WARN] ModelIntegratedComponent:64 - No mode defined for component null
2023-01-12 08:19:25,968 [WARN] ModelIntegratedComponent:64 - No mode defined for component null
2023-01-12 08:19:25,968 [WARN] ModelIntegratedComponent:64 - No mode defined for component null
2023-01-12 08:19:25,968 [WARN] ModelIntegratedComponent:64 - No mode defined for component null
2023-01-12 08:19:25,969 [WARN] ModelIntegratedComponent:64 - No mode defined for component null
2023-01-12 08:19:25,969 [WARN] ModelIntegratedComponent:64 - No mode defined for component null
2023-01-12 08:19:25,969 [WARN] ModelIntegratedComponent:64 - No mode defined for component null
2023-01-12 08:19:25,969 [WARN] ModelIntegratedComponent:64 - No mode defined for component null
2023-01-12 08:19:25,969 [WARN] ModelIntegratedComponent:64 - No mode defined for component null
2023-01-12 08:19:25,969 [WARN] ModelIntegratedComponent:64 - No mode defined for component null
2023-01-12 08:19:25,969 [WARN] ModelIntegratedComponent:64 - No mode defined for component null
2023-01-12 08:19:25,969 [WARN] ModelIntegratedComponent:64 - No mode defined for component null
2023-01-12 08:19:25,969 [WARN] ModelIntegratedComponent:64 - No mode defined for component null
2023-01-12 08:19:25,969 [WARN] ModelIntegratedComponent:64 - No mode defined for component null
2023-01-12 08:19:25,969 [WARN] ModelIntegratedComponent:64 - No mode defined for component null
2023-01-12 08:19:25,970 [WARN] ModelIntegratedComponent:64 - No mode defined for component null
2023-01-12 08:19:25,971 [WARN] ModelIntegratedComponent:64 - No mode defined for component null
2023-01-12 08:19:25,971 [WARN] ModelIntegratedComponent:64 - No mode defined for component null
2023-01-12 08:19:25,971 [WARN] ModelIntegratedComponent:64 - No mode defined for component null
2023-01-12 08:19:25,971 [WARN] ModelIntegratedComponent:64 - No mode defined for component null
2023-01-12 08:19:25,971 [WARN] ModelIntegratedComponent:64 - No mode defined for component null
2023-01-12 08:19:25,971 [WARN] ModelIntegratedComponent:64 - No mode defined for component null
2023-01-12 08:19:25,971 [WARN] ModelIntegratedComponent:64 - No mode defined for component null
2023-01-12 08:19:25,971 [WARN] ModelIntegratedComponent:64 - No mode defined for component null
2023-01-12 08:19:25,971 [WARN] ModelIntegratedComponent:64 - No mode defined for component null
2023-01-12 08:19:25,971 [WARN] ModelIntegratedComponent:64 - No mode defined for component null
2023-01-12 08:19:25,971 [WARN] ModelIntegratedComponent:64 - No mode defined for component null
2023-01-12 08:19:28,470 [INFO] ApiDbMcu:505 - Load IP Config File for FREERTOS
2023-01-12 08:19:28,502 [INFO] ThirdPartyModel:294 - Start build external matchings
2023-01-12 08:19:29,384 [INFO] ThirdPartyModel:310 - End build external matchings
2023-01-12 08:19:29,411 [INFO] ThirdPartyModel:294 - Start build external matchings
2023-01-12 08:19:30,334 [INFO] ThirdPartyModel:310 - End build external matchings
2023-01-12 08:19:30,357 [INFO] RtosManager:802 - Current active RTOS is FREERTOS_M7 [CortexM7]
2023-01-12 08:19:30,362 [INFO] ImportTextPane:193 - (OptionalMessage_ERROR) IP (CORTEX_M7) : Parameter (Size) has invalid value (null)
2023-01-12 08:19:30,363 [INFO] ImportTextPane:193 - (OptionalMessage_ERROR) IP (CORTEX_M7) : Parameter (DisableExec) has invalid value (null)
2023-01-12 08:19:30,363 [INFO] ImportTextPane:193 - (OptionalMessage_ERROR) IP (CORTEX_M7) : Parameter (IsCacheable) has invalid value (null)
2023-01-12 08:19:30,363 [INFO] ImportTextPane:193 - (OptionalMessage_ERROR) IP (CORTEX_M7) : Parameter (IsBufferable) has invalid value (null)
2023-01-12 08:19:30,363 [INFO] ImportTextPane:193 - (OptionalMessage_ERROR) IP (CORTEX_M7) : Parameter (AccessPermission) has invalid value (null)
2023-01-12 08:19:30,363 [INFO] ImportTextPane:193 - (OptionalMessage_ERROR) IP (CORTEX_M7) : Parameter (Size) has invalid value (null)
2023-01-12 08:19:30,363 [INFO] ImportTextPane:193 - (OptionalMessage_ERROR) IP (CORTEX_M7) : Parameter (AccessPermission) has invalid value (null)
2023-01-12 08:19:30,363 [INFO] ImportTextPane:193 - (OptionalMessage_ERROR) IP (CORTEX_M7) : Parameter (IsShareable) has invalid value (null)
2023-01-12 08:19:30,364 [INFO] ImportTextPane:193 - (OptionalMessage_ERROR) IP (CORTEX_M7) : Parameter (DisableExec) has invalid value (null)
2023-01-12 08:19:30,364 [INFO] ImportTextPane:193 - (OptionalMessage_ERROR) IP (CORTEX_M7) : Parameter (IsCacheable) has invalid value (null)
2023-01-12 08:19:30,364 [INFO] ImportTextPane:193 - (OptionalMessage_ERROR) IP (CORTEX_M7) : Parameter (IsBufferable) has invalid value (null)
2023-01-12 08:19:30,384 [WARN] IP:2112 - LayerIdx_L1 not found: check if there is a RefParameter without a condition.
2023-01-12 08:19:30,423 [INFO] ImportTextPane:193 - (OptionalMessage_ERROR) IP (RCC) : Parameter (FDCANFreq_Value) has invalid value (200000000)
2023-01-12 08:19:30,423 [INFO] ImportTextPane:193 - (OptionalMessage_ERROR) IP (RCC) : Invalid parameter (FamilyName)
2023-01-12 08:19:30,423 [INFO] ImportTextPane:193 - (OptionalMessage_ERROR) IP (RCC) : Parameter (SAI1Freq_Value) has invalid value (200000000)
2023-01-12 08:19:30,423 [INFO] ImportTextPane:193 - (OptionalMessage_ERROR) IP (RCC) : Parameter (SAI23Freq_Value) has invalid value (200000000)
2023-01-12 08:19:30,423 [INFO] ImportTextPane:193 - (OptionalMessage_ERROR) IP (RCC) : Parameter (SAI4AFreq_Value) has invalid value (200000000)
2023-01-12 08:19:30,423 [INFO] ImportTextPane:193 - (OptionalMessage_ERROR) IP (RCC) : Parameter (SAI4BFreq_Value) has invalid value (200000000)
2023-01-12 08:19:30,423 [INFO] ImportTextPane:193 - (OptionalMessage_ERROR) IP (RCC) : Parameter (USBFreq_Value) has invalid value (200000000)
2023-01-12 08:19:30,441 [INFO] ImportTextPane:193 - (OptionalMessage_ERROR) IP (STMicroelectronics.X-CUBE-TOUCHGFX.4.20.0_M7) : Parameter (ApplicationCcGraphicsJjApplication) has invalid value (TouchGFXOoGenerator)
2023-01-12 08:19:31,464 [INFO] UtilMem:74 - End LoadConfig() Used Memory: 266554288 Bytes (560988160)
2023-01-12 08:19:31,765 [INFO] ApiDb:580 - Connected to CubeFinder SQLite database (C:\Users\joepe\.stmcufinder\plugins\mcufinder\mcu\cube-finder-db.db)
2023-01-12 08:19:32,963 [INFO] ApiDb:667 - CubeFinder database Data Model version=2.1
2023-01-12 08:19:32,963 [INFO] ApiDb:668 - CubeFinder database Configuration version=3.0.35
2023-01-12 08:19:32,964 [INFO] ApiDb:669 - CubeFinder database generation date=2022-11-18 (1668769384)
2023-01-12 08:19:32,964 [INFO] ApiDb:670 - CubeFinder database FW Pack versions=[FP-ATR-ASTRA1_V1.1.1, STM32Cube_FW_C0_V1.0.0, STM32Cube_FW_F4_V1.27.1, STM32Cube_FW_F7_V1.17.0, STM32Cube_FW_G0_V1.6.1, STM32Cube_FW_G4_V1.5.0, STM32Cube_FW_H5_V0.5.1, STM32Cube_FW_H7_V1.11.0, STM32Cube_FW_L5_V1.5.0, STM32Cube_FW_U5_V1.1.1, STM32Cube_FW_WBA_V0.2.0, STM32Cube_FW_WB_V1.15.0, STM32Cube_FW_WB_V1.15.0RC1, STM32Cube_FW_WL_V1.3.0, X-CUBE-ALGOBUILD_V1.3.0, X-CUBE-ALS_V1.0.1, X-CUBE-AZRTOS-F4_V1.1.0, X-CUBE-AZRTOS-F7_V1.1.0, X-CUBE-AZRTOS-G0_V1.1.0, X-CUBE-AZRTOS-G4_V1.0.0, X-CUBE-AZRTOS-H7_V2.1.0, X-CUBE-AZRTOS-L4_V1.0.0, X-CUBE-AZRTOS-L5_V1.0.0, X-CUBE-AZRTOS-WL_V1.0.0, X-CUBE-BLE1_V6.2.4, X-CUBE-BLE2_V3.3.0, X-CUBE-BLEMGR_V1.2.0, X-CUBE-EEPRMA1_V3.1.1, X-CUBE-GNSS1_V6.0.0, X-CUBE-MEMS1_V9.1.0, X-CUBE-MEMS1_V9.3.0, X-CUBE-NFC4_V2.0.4, X-CUBE-NFC7_V1.0.0, X-CUBE-SFXS2LP1_V4.0.0, X-CUBE-SUBG2_V5.0.0]
2023-01-12 08:19:37,903 [INFO] ApiDb:239 - Found 143 in-development CPN: [B-WB1M-WPAN1, B-WL5M-SUBG1, NUCLEO-C031C6, STEVAL-PROTEUS1, STEVAL-STWINBX1, STM320518-EVAL, STM32C0116-DK, STM32C011D6Y3TR, STM32C011D6Y6TR, STM32C011F4P3, STM32C011F4P6, STM32C011F4U3, STM32C011F4U6TR, STM32C011F6P3, STM32C011F6P6, STM32C011F6U3, STM32C011F6U6TR, STM32C011J4M3, STM32C011J4M6, STM32C011J6M3, STM32C011J6M6, STM32C0316-DK, STM32C031C4T3, STM32C031C4T6, STM32C031C4U3, STM32C031C4U6, STM32C031C6T3, STM32C031C6T6, STM32C031C6U3, STM32C031C6U6, STM32C031F4P3, STM32C031F4P6, STM32C031F6P3, STM32C031F6P6, STM32C031G4U3, STM32C031G4U6, STM32C031G6U3, STM32C031G6U6, STM32C031K4T3, STM32C031K4T6, STM32C031K4U3, STM32C031K4U6, STM32C031K6T3, STM32C031K6T6, STM32C031K6U3, STM32C031K6U6, STM32G071K8TXN, STM32G071K8UXN, STM32G081GBU6N, STM32G081KBT6N, STM32G081KBUXN, STM32G0B1CCT6N, STM32G0B1KCT6, STM32G0B1NEY6TR, STM32G0B1RCT6N, STM32G0C1CCT6, STM32G0C1CCT6N, STM32G0C1CCU6N, STM32G0C1CET6N, STM32G0C1CEU6N, STM32G0C1KCT6, STM32G0C1NEY6TR, STM32G0C1RCI6N, STM32G0C1RCT6N, STM32G0C1REI6N, STM32G0C1RET6N, STM32G0C1VCI6, STM32G0C1VEI6, STM32G471CCT6, STM32G471CCU6, STM32G471CET3, STM32G471CET6, STM32G471CEU3, STM32G471CEU6, STM32G471MCT6, STM32G471MET3, STM32G471MET6, STM32G471MEY6TR, STM32G471QCT6, STM32G471QET3, STM32G471RCT6, STM32G471RET3, STM32G471RET6, STM32G471VCH6, STM32G471VCI6, STM32G471VCT6, STM32G471VEH3, STM32G471VEH6, STM32G471VEI3, STM32G471VEI6, STM32G471VET3, STM32G471VET6, STM32G474CCT6, STM32L476VGY6PTR, STM32L4R5QGI6STR, STM32MP131AAE3, STM32MP131AAF3, STM32MP131AAG3, STM32MP131CAE3, STM32MP131CAF3, STM32MP131CAG3, STM32MP131DAE7, STM32MP131DAF7, STM32MP131DAG7, STM32MP131FAE7, STM32MP131FAF7, STM32MP131FAG7, STM32MP133AAE3, STM32MP133AAF3, STM32MP133AAG3, STM32MP133CAE3, STM32MP133CAF3, STM32MP133CAG3, STM32MP133DAE7, STM32MP133DAF7, STM32MP133DAG7, STM32MP133FAE7, STM32MP133FAF7, STM32MP133FAG7, STM32MP135AAE3, STM32MP135AAF3, STM32MP135AAG3, STM32MP135CAE3, STM32MP135CAF3, STM32MP135CAG3, STM32MP135DAE7, STM32MP135DAF7, STM32MP135DAG7, STM32MP135F-DK, STM32MP135FAE7, STM32MP135FAF7, STM32MP135FAF7T, STM32MP135FAF7U, STM32MP135FAG7, STM32U595ZJT6Q, STM32U599BJY6QTR, STM32U599NIH6Q, STM32U599NJH6Q, STM32U5A5ZJT6Q, STM32U5A9BJY6QTR, STM32U5A9NJH6Q, STM32WB1MMCH6, STM32WL5MOCH6TR]
2023-01-12 08:19:37,913 [INFO] DbMcus:215 - Found 3582 MCUs, 3582 are supported
2023-01-12 08:19:37,918 [INFO] ApiDb:422 - Load user favorites file C:\Users\joepe/.stm32cubeide/favorites.mcus.txt: 0 item(s)
2023-01-12 08:19:37,918 [INFO] ApiDb:426 - User favorites MCUs=[]
2023-01-12 08:19:37,918 [INFO] DbMcus:221 - Set 0 / 0 favorites MCUs
2023-01-12 08:19:38,915 [WARN] ThirdParty:807 - waiting for thirdparty lock release [change project]
2023-01-12 08:19:38,915 [INFO] ThirdParty:809 - entering critical section [change project]
2023-01-12 08:19:38,915 [INFO] ThirdParty:999 - CMSIS Pack Vendor :STMicroelectronics X-CUBE-ISPU 1.1.0
2023-01-12 08:19:38,915 [INFO] ThirdParty:999 - CMSIS Pack Vendor :RoweBots I-CUBE-UNISONRTOS 5.5.0-4
2023-01-12 08:19:38,915 [INFO] ThirdParty:999 - CMSIS Pack Vendor :STMicroelectronics X-CUBE-GNSS1 6.0.0
2023-01-12 08:19:38,915 [INFO] ThirdParty:999 - CMSIS Pack Vendor :STMicroelectronics X-CUBE-AZRTOS-H7 2.1.0
2023-01-12 08:19:38,915 [INFO] ThirdParty:999 - CMSIS Pack Vendor :STMicroelectronics USB_HOST 2.0.0
2023-01-12 08:19:38,915 [INFO] ThirdParty:999 - CMSIS Pack Vendor :STMicroelectronics X-CUBE-AZRTOS-F4 1.1.0
2023-01-12 08:19:38,915 [INFO] ThirdParty:999 - CMSIS Pack Vendor :STMicroelectronics LIBJPEG 8.0.0
2023-01-12 08:19:38,921 [INFO] ThirdParty:999 - CMSIS Pack Vendor :STMicroelectronics USB_DEVICE 3.0.0
2023-01-12 08:19:38,921 [INFO] ThirdParty:999 - CMSIS Pack Vendor :STMicroelectronics X-CUBE-TOUCHGFX 4.21.0
2023-01-12 08:19:38,921 [INFO] ThirdParty:999 - CMSIS Pack Vendor :STMicroelectronics X-CUBE-BLEMGR 1.0.0
2023-01-12 08:19:38,921 [INFO] ThirdParty:999 - CMSIS Pack Vendor :STMicroelectronics X-CUBE-BLEMGR 1.2.0
2023-01-12 08:19:38,921 [INFO] ThirdParty:999 - CMSIS Pack Vendor :STMicroelectronics X-CUBE-AZRTOS-F7 1.1.0
2023-01-12 08:19:38,921 [INFO] ThirdParty:999 - CMSIS Pack Vendor :STMicroelectronics X-CUBE-MEMS1 9.4.0
2023-01-12 08:19:38,921 [INFO] ThirdParty:999 - CMSIS Pack Vendor :STMicroelectronics USB_DEVICE 2.0.0
2023-01-12 08:19:38,921 [INFO] ThirdParty:999 - CMSIS Pack Vendor :STMicroelectronics X-CUBE-AI 7.3.0
2023-01-12 08:19:38,921 [INFO] ThirdParty:999 - CMSIS Pack Vendor :STMicroelectronics X-CUBE-BLE1 6.2.3
2023-01-12 08:19:38,921 [INFO] ThirdParty:999 - CMSIS Pack Vendor :STMicroelectronics X-CUBE-ALGOBUILD 1.3.0
2023-01-12 08:19:38,921 [INFO] ThirdParty:999 - CMSIS Pack Vendor :STMicroelectronics X-CUBE-BLE1 6.2.4
2023-01-12 08:19:38,922 [INFO] ThirdParty:999 - CMSIS Pack Vendor :STMicroelectronics X-CUBE-AZRTOS-L5 1.1.0
2023-01-12 08:19:38,922 [INFO] ThirdParty:999 - CMSIS Pack Vendor :STMicroelectronics FreeRTOS 0.0.1
2023-01-12 08:19:38,922 [INFO] ThirdParty:999 - CMSIS Pack Vendor :emotas I-CUBE-CANOPEN 1.1.3
2023-01-12 08:19:38,922 [INFO] ThirdParty:999 - CMSIS Pack Vendor :STMicroelectronics X-CUBE-AZRTOS-G0 1.1.0
2023-01-12 08:19:38,922 [INFO] ThirdParty:999 - CMSIS Pack Vendor :STMicroelectronics X-CUBE-SUBG2 5.0.0
2023-01-12 08:19:38,922 [INFO] ThirdParty:999 - CMSIS Pack Vendor :SEGGER I-CUBE-embOS 1.2.0
2023-01-12 08:19:38,922 [INFO] ThirdParty:999 - CMSIS Pack Vendor :STMicroelectronics STM32_WPAN 1.0.0
2023-01-12 08:19:38,922 [INFO] ThirdParty:999 - CMSIS Pack Vendor :SEGGER I-CUBE-embOS 1.2.1
2023-01-12 08:19:38,922 [INFO] ThirdParty:999 - CMSIS Pack Vendor :STMicroelectronics lwIP 2.0.3
2023-01-12 08:19:38,922 [INFO] ThirdParty:999 - CMSIS Pack Vendor :STMicroelectronics X-CUBE-NFC4 2.0.5
2023-01-12 08:19:38,922 [INFO] ThirdParty:999 - CMSIS Pack Vendor :STMicroelectronics X-CUBE-NFC4 2.0.4
2023-01-12 08:19:38,922 [INFO] ThirdParty:999 - CMSIS Pack Vendor :STMicroelectronics USB_HOST 1.0.0
2023-01-12 08:19:38,922 [INFO] ThirdParty:999 - CMSIS Pack Vendor :STMicroelectronics PDM2PCM 3.1.0
2023-01-12 08:19:38,922 [INFO] ThirdParty:999 - CMSIS Pack Vendor :STMicroelectronics FP-ATR-ASTRA1 1.1.1
2023-01-12 08:19:38,922 [INFO] ThirdParty:999 - CMSIS Pack Vendor :STMicroelectronics PDM2PCM 3.3.0
2023-01-12 08:19:38,922 [INFO] ThirdParty:999 - CMSIS Pack Vendor :STMicroelectronics X-CUBE-TOF1 3.1.0
2023-01-12 08:19:38,922 [INFO] ThirdParty:999 - CMSIS Pack Vendor :STMicroelectronics X-CUBE-BLEMGR 1.3.0
2023-01-12 08:19:38,922 [INFO] ThirdParty:999 - CMSIS Pack Vendor :wolfSSL I-CUBE-wolfSSL 5.5.3
2023-01-12 08:19:38,922 [INFO] ThirdParty:999 - CMSIS Pack Vendor :STMicroelectronics X-CUBE-AZRTOS-G4 1.0.0
2023-01-12 08:19:38,922 [INFO] ThirdParty:999 - CMSIS Pack Vendor :STMicroelectronics FP-ATR-SIGFOX1 3.2.0
2023-01-12 08:19:38,922 [INFO] ThirdParty:999 - CMSIS Pack Vendor :STMicroelectronics X-CUBE-AZRTOS-L4 1.0.0
2023-01-12 08:19:38,922 [INFO] ThirdParty:999 - CMSIS Pack Vendor :wolfSSL I-CUBE-wolfSSL 5.5.0
2023-01-12 08:19:38,922 [INFO] ThirdParty:999 - CMSIS Pack Vendor :STMicroelectronics HAL Drivers 0.0.0
2023-01-12 08:19:38,922 [INFO] ThirdParty:999 - CMSIS Pack Vendor :STMicroelectronics MBEDTLS 2.16.2
2023-01-12 08:19:38,922 [INFO] ThirdParty:999 - CMSIS Pack Vendor :emotas I-CUBE-CANOPEN 1.1.2
2023-01-12 08:19:38,922 [INFO] ThirdParty:999 - CMSIS Pack Vendor :STMicroelectronics X-CUBE-TOUCHGFX 4.20.0
2023-01-12 08:19:38,922 [INFO] ThirdParty:999 - CMSIS Pack Vendor :STMicroelectronics MBEDTLS 2.14.1
2023-01-12 08:19:38,922 [INFO] ThirdParty:999 - CMSIS Pack Vendor :STMicroelectronics X-CUBE-NFC7 1.0.0
2023-01-12 08:19:38,922 [INFO] ThirdParty:999 - CMSIS Pack Vendor :STMicroelectronics X-CUBE-AZRTOS-WL 1.0.0
2023-01-12 08:19:38,922 [INFO] ThirdParty:999 - CMSIS Pack Vendor :STMicroelectronics X-CUBE-MEMS1 9.3.0
2023-01-12 08:19:38,922 [INFO] ThirdParty:999 - CMSIS Pack Vendor :STMicroelectronics X-CUBE-EEPRMA1 4.1.0
2023-01-12 08:19:38,922 [INFO] ThirdParty:999 - CMSIS Pack Vendor :portGmbH I-Cube-SoM-uGOAL 1.1.0
2023-01-12 08:19:38,922 [INFO] ThirdParty:999 - CMSIS Pack Vendor :STMicroelectronics X-CUBE-ALS 1.0.1
2023-01-12 08:19:38,922 [INFO] ThirdParty:999 - CMSIS Pack Vendor :STMicroelectronics X-CUBE-AI 7.2.0
2023-01-12 08:19:38,922 [INFO] ThirdParty:999 - CMSIS Pack Vendor :STMicroelectronics ThreadX 1.0.0
2023-01-12 08:19:38,922 [INFO] ThirdParty:999 - CMSIS Pack Vendor :STMicroelectronics X-CUBE-AZRTOS-WB 1.1.0
2023-01-12 08:19:38,924 [INFO] ThirdParty:999 - CMSIS Pack Vendor :STMicroelectronics X-CUBE-AZRTOS-L5 1.0.0
2023-01-12 08:19:38,924 [INFO] ThirdParty:999 - CMSIS Pack Vendor :STMicroelectronics USB_DEVICE 1.0.0
2023-01-12 08:19:38,924 [INFO] ThirdParty:999 - CMSIS Pack Vendor :STMicroelectronics X-CUBE-EEPRMA1 3.1.1
2023-01-12 08:19:38,924 [INFO] ThirdParty:999 - CMSIS Pack Vendor :STMicroelectronics ThreadX 0.0.2
2023-01-12 08:19:38,924 [INFO] ThirdParty:999 - CMSIS Pack Vendor :STMicroelectronics lwIP 2.1.2
2023-01-12 08:19:38,924 [INFO] ThirdParty:999 - CMSIS Pack Vendor :STMicroelectronics X-CUBE-SFXS2LP1 4.0.0
2023-01-12 08:19:38,924 [INFO] ThirdParty:999 - CMSIS Pack Vendor :STMicroelectronics X-CUBE-BLE2 3.3.0
2023-01-12 08:19:38,924 [INFO] ThirdParty:999 - CMSIS Pack Vendor :STMicroelectronics X-CUBE-DISPLAY 2.2.0
2023-01-12 08:19:38,924 [INFO] ThirdParty:999 - CMSIS Pack Vendor :STMicroelectronics X-CUBE-TOF1 3.2.0
2023-01-12 08:19:38,924 [INFO] ThirdParty:999 - CMSIS Pack Vendor :STMicroelectronics PDM2PCM 3.2.0
2023-01-12 08:19:38,924 [INFO] ThirdParty:999 - CMSIS Pack Vendor :STMicroelectronics X-CUBE-AZRTOS-H7 3.0.0
2023-01-12 08:19:38,924 [INFO] ThirdParty:999 - CMSIS Pack Vendor :STMicroelectronics X-CUBE-ISPU 1.0.0
2023-01-12 08:19:38,924 [INFO] ThirdParty:815 - exiting critical section [change project]
2023-01-12 08:19:40,176 [INFO] PinOutPanel:1477 - setPackage(No Configuration,No Configuration)
2023-01-12 08:19:40,176 [INFO] PinOutPanel:1477 - setPackage(STM32H745XIHx,TFBGA240)
2023-01-12 08:19:43,107 [INFO] UtilMem:74 - Before build in PCC Used Memory: 344284848 Bytes (560988160)
2023-01-12 08:19:45,669 [INFO] UtilMem:74 - After build in PCC Used Memory: 314408568 Bytes (560988160)
2023-01-12 08:19:45,881 [INFO] IPUIPlugin:79 - create IPUIPlugin
2023-01-12 08:19:45,881 [INFO] IPUIPlugin:79 - create IPUIPlugin
2023-01-12 08:19:45,881 [INFO] IPUIPlugin:79 - create IPUIPlugin
2023-01-12 08:19:45,889 [INFO] IPUIPlugin:79 - create IPUIPlugin
2023-01-12 08:19:45,889 [INFO] IPUIPlugin:79 - create IPUIPlugin
2023-01-12 08:19:45,889 [INFO] IPUIPlugin:79 - create IPUIPlugin
2023-01-12 08:19:45,889 [INFO] IPUIPlugin:79 - create IPUIPlugin
2023-01-12 08:19:45,890 [INFO] IPUIPlugin:79 - create IPUIPlugin
2023-01-12 08:19:45,890 [INFO] IPUIPlugin:79 - create IPUIPlugin
2023-01-12 08:19:45,890 [INFO] IPUIPlugin:79 - create IPUIPlugin
2023-01-12 08:19:45,890 [INFO] IPUIPlugin:79 - create IPUIPlugin
2023-01-12 08:19:45,890 [INFO] IPUIPlugin:79 - create IPUIPlugin
2023-01-12 08:19:45,890 [INFO] IPUIPlugin:79 - create IPUIPlugin
2023-01-12 08:19:45,890 [INFO] IPUIPlugin:79 - create IPUIPlugin
2023-01-12 08:19:45,890 [INFO] IPUIPlugin:79 - create IPUIPlugin
2023-01-12 08:19:45,890 [INFO] IPUIPlugin:79 - create IPUIPlugin
2023-01-12 08:19:45,890 [INFO] IPUIPlugin:79 - create IPUIPlugin
2023-01-12 08:19:45,890 [INFO] IPUIPlugin:79 - create IPUIPlugin
2023-01-12 08:19:45,890 [INFO] IPUIPlugin:79 - create IPUIPlugin
2023-01-12 08:19:45,890 [INFO] IPUIPlugin:79 - create IPUIPlugin
2023-01-12 08:19:45,890 [INFO] IPUIPlugin:79 - create IPUIPlugin
2023-01-12 08:19:45,890 [INFO] IPUIPlugin:79 - create IPUIPlugin
2023-01-12 08:19:45,893 [INFO] IPUIPlugin:79 - create IPUIPlugin
2023-01-12 08:19:45,893 [INFO] IPUIPlugin:79 - create IPUIPlugin
2023-01-12 08:19:45,893 [INFO] IPUIPlugin:79 - create IPUIPlugin
2023-01-12 08:19:45,894 [INFO] IPUIPlugin:79 - create IPUIPlugin
2023-01-12 08:19:45,894 [INFO] IPUIPlugin:79 - create IPUIPlugin
2023-01-12 08:19:45,894 [INFO] IPUIPlugin:79 - create IPUIPlugin
2023-01-12 08:19:45,894 [INFO] IPUIPlugin:79 - create IPUIPlugin
2023-01-12 08:19:45,894 [INFO] IPUIPlugin:79 - create IPUIPlugin
2023-01-12 08:19:45,894 [INFO] IPUIPlugin:79 - create IPUIPlugin
2023-01-12 08:19:45,894 [INFO] IPUIPlugin:79 - create IPUIPlugin
2023-01-12 08:19:45,897 [INFO] IPUIPlugin:79 - create IPUIPlugin
2023-01-12 08:19:45,897 [INFO] IPUIPlugin:79 - create IPUIPlugin
2023-01-12 08:19:45,898 [INFO] IPUIPlugin:79 - create IPUIPlugin
2023-01-12 08:19:45,899 [INFO] IPUIPlugin:79 - create IPUIPlugin
2023-01-12 08:19:45,899 [INFO] IPUIPlugin:79 - create IPUIPlugin
2023-01-12 08:19:45,899 [INFO] IPUIPlugin:79 - create IPUIPlugin
2023-01-12 08:19:45,899 [INFO] IPUIPlugin:79 - create IPUIPlugin
2023-01-12 08:19:45,899 [INFO] IPUIPlugin:79 - create IPUIPlugin
2023-01-12 08:19:45,899 [INFO] IPUIPlugin:79 - create IPUIPlugin
2023-01-12 08:19:45,899 [INFO] IPUIPlugin:79 - create IPUIPlugin
2023-01-12 08:19:45,899 [INFO] IPUIPlugin:79 - create IPUIPlugin
2023-01-12 08:19:45,899 [INFO] IPUIPlugin:79 - create IPUIPlugin
2023-01-12 08:19:45,899 [INFO] IPUIPlugin:79 - create IPUIPlugin
2023-01-12 08:19:45,899 [INFO] IPUIPlugin:79 - create IPUIPlugin
2023-01-12 08:19:45,906 [INFO] IPUIPlugin:79 - create IPUIPlugin
2023-01-12 08:19:45,906 [INFO] IPUIPlugin:79 - create IPUIPlugin
2023-01-12 08:19:45,906 [INFO] IPUIPlugin:79 - create IPUIPlugin
2023-01-12 08:19:45,906 [INFO] IPUIPlugin:79 - create IPUIPlugin
2023-01-12 08:19:45,906 [INFO] IPUIPlugin:79 - create IPUIPlugin
2023-01-12 08:19:45,906 [INFO] IPUIPlugin:79 - create IPUIPlugin
2023-01-12 08:19:45,906 [INFO] IPUIPlugin:79 - create IPUIPlugin
2023-01-12 08:19:45,906 [INFO] IPUIPlugin:79 - create IPUIPlugin
2023-01-12 08:19:45,906 [INFO] IPUIPlugin:79 - create IPUIPlugin
2023-01-12 08:19:45,906 [INFO] IPUIPlugin:79 - create IPUIPlugin
2023-01-12 08:19:45,906 [INFO] IPUIPlugin:79 - create IPUIPlugin
2023-01-12 08:19:45,906 [INFO] IPUIPlugin:79 - create IPUIPlugin
2023-01-12 08:19:45,906 [INFO] IPUIPlugin:79 - create IPUIPlugin
2023-01-12 08:19:45,906 [INFO] IPUIPlugin:79 - create IPUIPlugin
2023-01-12 08:19:45,906 [INFO] IPUIPlugin:79 - create IPUIPlugin
2023-01-12 08:19:45,906 [INFO] IPUIPlugin:79 - create IPUIPlugin
2023-01-12 08:19:45,906 [INFO] IPUIPlugin:79 - create IPUIPlugin
2023-01-12 08:19:45,906 [INFO] IPUIPlugin:79 - create IPUIPlugin
2023-01-12 08:19:45,906 [INFO] IPUIPlugin:79 - create IPUIPlugin
2023-01-12 08:19:45,906 [INFO] IPUIPlugin:79 - create IPUIPlugin
2023-01-12 08:19:45,906 [INFO] IPUIPlugin:79 - create IPUIPlugin
2023-01-12 08:19:45,906 [INFO] IPUIPlugin:79 - create IPUIPlugin
2023-01-12 08:19:45,922 [INFO] IPUIPlugin:79 - create IPUIPlugin
2023-01-12 08:19:45,922 [INFO] IPUIPlugin:79 - create IPUIPlugin
2023-01-12 08:19:45,922 [INFO] IPUIPlugin:79 - create IPUIPlugin
2023-01-12 08:19:45,922 [INFO] IPUIPlugin:79 - create IPUIPlugin
2023-01-12 08:19:45,922 [INFO] IPUIPlugin:79 - create IPUIPlugin
2023-01-12 08:19:45,922 [INFO] IPUIPlugin:79 - create IPUIPlugin
2023-01-12 08:19:45,922 [INFO] IPUIPlugin:79 - create IPUIPlugin
2023-01-12 08:19:45,922 [INFO] IPUIPlugin:79 - create IPUIPlugin
2023-01-12 08:19:45,922 [INFO] IPUIPlugin:79 - create IPUIPlugin
2023-01-12 08:19:45,922 [INFO] IPUIPlugin:79 - create IPUIPlugin
2023-01-12 08:19:45,922 [INFO] IPUIPlugin:79 - create IPUIPlugin
2023-01-12 08:19:45,922 [INFO] IPUIPlugin:79 - create IPUIPlugin
2023-01-12 08:19:45,922 [INFO] IPUIPlugin:79 - create IPUIPlugin
2023-01-12 08:19:45,922 [INFO] IPUIPlugin:79 - create IPUIPlugin
2023-01-12 08:19:45,922 [INFO] IPUIPlugin:79 - create IPUIPlugin
2023-01-12 08:19:45,922 [INFO] IPUIPlugin:79 - create IPUIPlugin
2023-01-12 08:19:45,922 [INFO] IPUIPlugin:79 - create IPUIPlugin
2023-01-12 08:19:45,922 [INFO] IPUIPlugin:79 - create IPUIPlugin
2023-01-12 08:19:45,922 [INFO] IPUIPlugin:79 - create IPUIPlugin
2023-01-12 08:19:45,937 [INFO] IPUIPlugin:79 - create IPUIPlugin
2023-01-12 08:19:45,937 [INFO] IPUIPlugin:79 - create IPUIPlugin
2023-01-12 08:19:45,937 [INFO] IPUIPlugin:79 - create IPUIPlugin
2023-01-12 08:19:45,937 [INFO] IPUIPlugin:79 - create IPUIPlugin
2023-01-12 08:19:45,937 [INFO] IPUIPlugin:79 - create IPUIPlugin
2023-01-12 08:19:45,937 [INFO] IPUIPlugin:79 - create IPUIPlugin
2023-01-12 08:19:45,937 [INFO] IPUIPlugin:79 - create IPUIPlugin
2023-01-12 08:19:45,937 [INFO] IPUIPlugin:79 - create IPUIPlugin
2023-01-12 08:19:45,937 [INFO] IPUIPlugin:79 - create IPUIPlugin
2023-01-12 08:19:45,937 [INFO] IPUIPlugin:79 - create IPUIPlugin
2023-01-12 08:19:45,937 [INFO] IPUIPlugin:79 - create IPUIPlugin
2023-01-12 08:19:45,937 [INFO] IPUIPlugin:79 - create IPUIPlugin
2023-01-12 08:19:45,937 [INFO] IPUIPlugin:79 - create IPUIPlugin
2023-01-12 08:19:45,937 [INFO] IPUIPlugin:79 - create IPUIPlugin
2023-01-12 08:19:45,953 [INFO] IPUIPlugin:79 - create IPUIPlugin
2023-01-12 08:19:45,953 [INFO] IPUIPlugin:79 - create IPUIPlugin
2023-01-12 08:19:45,953 [INFO] IPUIPlugin:79 - create IPUIPlugin
2023-01-12 08:19:45,953 [INFO] IPUIPlugin:79 - create IPUIPlugin
2023-01-12 08:19:45,953 [INFO] IPUIPlugin:79 - create IPUIPlugin
2023-01-12 08:19:45,953 [INFO] IPUIPlugin:79 - create IPUIPlugin
2023-01-12 08:19:45,953 [INFO] IPUIPlugin:79 - create IPUIPlugin
2023-01-12 08:19:45,953 [INFO] IPUIPlugin:79 - create IPUIPlugin
2023-01-12 08:19:45,953 [INFO] IPUIPlugin:79 - create IPUIPlugin
2023-01-12 08:19:45,953 [INFO] IPUIPlugin:79 - create IPUIPlugin
2023-01-12 08:19:46,095 [INFO] ApiDbMcu:505 - Load IP Config File for PDM2PCM
2023-01-12 08:19:46,110 [INFO] ApiDbMcu:505 - Load IP Config File for PDM2PCM
2023-01-12 08:19:46,163 [WARN] FreeRTOS:1022 - Null or empty value: should not occur! (nothing added to the table)
2023-01-12 08:19:46,852 [INFO] CADModel:164 - CPN selected for project levelSTM32H745XIH3
2023-01-12 08:19:46,852 [INFO] CADModel:113 - Register for checkConnection events
2023-01-12 08:19:46,865 [INFO] RtosManager:615 - Active RTOS found at IOC load: FREERTOS_M7 [CortexM7]
2023-01-12 08:19:46,930 [INFO] OpenFileManager:327 - Restore cursor
2023-01-12 08:19:47,369 [WARN] IP:2112 - LayerIdx_L1 not found: check if there is a RefParameter without a condition.
