09:00:15 **** Incremental Build of configuration Debug for project stm32h745i_disco_CM4 ****
make -j4 all 
arm-none-eabi-size   stm32h745i_disco_CM4.elf 
   text	   data	    bss	    dec	    hex	filename
   3136	     24	   1568	   4728	   1278	stm32h745i_disco_CM4.elf
Finished building: default.size.stdout
 
09:15:12 **** Incremental Build of configuration Debug for project stm32h745i_disco_CM4 ****
make -j4 all 
arm-none-eabi-size   stm32h745i_disco_CM4.elf 
   text	   data	    bss	    dec	    hex	filename
   3136	     24	   1568	   4728	   1278	stm32h745i_disco_CM4.elf
Finished building: default.size.stdout
 
09:15:13 **** Incremental Build of configuration Debug for project stm32h745i_disco_CM7 ****
make -j4 all 
arm-none-eabi-size   stm32h745i_disco_CM7.elf 
   text	   data	    bss	    dec	    hex	filename
 238504	    328	  53228	 292060	  474dc	stm32h745i_disco_CM7.elf
Finished building: default.size.stdout
 
09:15:39 **** Incremental Build of configuration Debug for project stm32h745i_disco_CM4 ****
make -j4 all 
arm-none-eabi-size   stm32h745i_disco_CM4.elf 
   text	   data	    bss	    dec	    hex	filename
   3136	     24	   1568	   4728	   1278	stm32h745i_disco_CM4.elf
Finished building: default.size.stdout
 
09:17:04 **** Incremental Build of configuration Debug for project stm32h745i_disco_CM7 ****
make -j4 all 
arm-none-eabi-size   stm32h745i_disco_CM7.elf 
   text	   data	    bss	    dec	    hex	filename
 238504	    328	  53228	 292060	  474dc	stm32h745i_disco_CM7.elf
Finished building: default.size.stdout
 
09:17:33 **** Incremental Build of configuration Debug for project stm32h745i_disco_CM4 ****
make -j4 all 
arm-none-eabi-size   stm32h745i_disco_CM4.elf 
   text	   data	    bss	    dec	    hex	filename
   3136	     24	   1568	   4728	   1278	stm32h745i_disco_CM4.elf
Finished building: default.size.stdout
 
09:20:58 **** Incremental Build of configuration Debug for project stm32h745i_disco_CM7 ****
make -j4 all 
arm-none-eabi-size   stm32h745i_disco_CM7.elf 
   text	   data	    bss	    dec	    hex	filename
 238504	    328	  53228	 292060	  474dc	stm32h745i_disco_CM7.elf
Finished building: default.size.stdout
 
09:21:19 **** Incremental Build of configuration Debug for project stm32h745i_disco_CM4 ****
make -j4 all 
arm-none-eabi-size   stm32h745i_disco_CM4.elf 
   text	   data	    bss	    dec	    hex	filename
   3136	     24	   1568	   4728	   1278	stm32h745i_disco_CM4.elf
Finished building: default.size.stdout
 
